[debug] [2026-02-03T07:18:41.315Z] ----------------------------------------------------------------------
[debug] [2026-02-03T07:18:41.324Z] Command:       /usr/local/bin/firebase /Users/mkazi/.cache/firebase/tools/lib/node_modules/firebase-tools/lib/bin/firebase projects:create 18webatmosphericdashboard --display-name 18-web-atmospheric-dashboard
[debug] [2026-02-03T07:18:41.325Z] CLI Version:   15.5.1
[debug] [2026-02-03T07:18:41.325Z] Platform:      darwin
[debug] [2026-02-03T07:18:41.325Z] Node Version:  v20.18.2
[debug] [2026-02-03T07:18:41.326Z] Time:          Tue Feb 03 2026 12:48:41 GMT+0530 (India Standard Time)
[debug] [2026-02-03T07:18:41.327Z] ----------------------------------------------------------------------
[debug] 
[debug] [2026-02-03T07:18:41.732Z] > command requires scopes: ["email","openid","https://www.googleapis.com/auth/cloudplatformprojects.readonly","https://www.googleapis.com/auth/firebase","https://www.googleapis.com/auth/cloud-platform"]
[debug] [2026-02-03T07:18:41.734Z] > authorizing via signed-in user (mk.knight970@gmail.com)
[debug] [2026-02-03T07:18:41.742Z] Checked if tokens are valid: true, expires at: 1770106149902
[debug] [2026-02-03T07:18:41.743Z] Checked if tokens are valid: true, expires at: 1770106149902
[debug] [2026-02-03T07:18:41.746Z] >>> [apiv2][query] POST https://cloudresourcemanager.googleapis.com/v1/projects [none]
[debug] [2026-02-03T07:18:41.747Z] >>> [apiv2][body] POST https://cloudresourcemanager.googleapis.com/v1/projects {"projectId":"18webatmosphericdashboard","name":"18-web-atmospheric-dashboard"}
[debug] [2026-02-03T07:18:43.439Z] <<< [apiv2][status] POST https://cloudresourcemanager.googleapis.com/v1/projects 400
[debug] [2026-02-03T07:18:43.439Z] <<< [apiv2][body] POST https://cloudresourcemanager.googleapis.com/v1/projects {"error":{"code":400,"message":"field [project_id] has issue [project_id contains invalid characters]","status":"INVALID_ARGUMENT","details":[{"@type":"type.googleapis.com/google.rpc.BadRequest","fieldViolations":[{"field":"project_id","description":"project_id contains invalid characters"}]},{"@type":"type.googleapis.com/google.rpc.Help","links":[{"url":"https://cloud.google.com/resource-manager/reference/rest/v1/projects"}]}]}}
[debug] [2026-02-03T07:18:44.028Z] FirebaseError: Request to https://cloudresourcemanager.googleapis.com/v1/projects had HTTP Error: 400, field [project_id] has issue [project_id contains invalid characters]
    at responseToError (/Users/mkazi/.cache/firebase/tools/lib/node_modules/firebase-tools/lib/responseToError.js:53:12)
    at RetryOperation._fn (/Users/mkazi/.cache/firebase/tools/lib/node_modules/firebase-tools/lib/apiv2.js:330:77)
    at process.processTicksAndRejections (node:internal/process/task_queues:95:5)
[error] 
[error] Error: Failed to create project. See firebase-debug.log for more info.
